
2014-01-31 10:38:33
Old CherryFramework version: 1.0
Current CherryFramework version: 3.1
Force update: 0

Child theme: D:\Work\wordpress_git\wordpress/wp-content/themes/theme44492

Child theme: D:\Work\wordpress_git\wordpress/wp-content/themes/theme44911

Child theme: D:\Work\wordpress_git\wordpress/wp-content/themes/theme44492
Save D:\Work\wordpress_git\wordpress/wp-content/themes/theme44492/style.css

Child theme: D:\Work\wordpress_git\wordpress/wp-content/themes/theme44911
Save D:\Work\wordpress_git\wordpress/wp-content/themes/theme44911/style.css
Save D:\Work\wordpress_git\wordpress/wp-content/themes/theme44911/static/static-slider.php

2014-01-31 10:47:32
Old CherryFramework version: 1.0
Current CherryFramework version: 3.1
Force update: 0

Child theme: D:\Work\wordpress_git\wordpress/wp-content/themes/theme44492

Child theme: D:\Work\wordpress_git\wordpress/wp-content/themes/theme44911

Child theme: D:\Work\wordpress_git\wordpress/wp-content/themes/theme44492
Save D:\Work\wordpress_git\wordpress/wp-content/themes/theme44492/style.css

Child theme: D:\Work\wordpress_git\wordpress/wp-content/themes/theme44911
Save D:\Work\wordpress_git\wordpress/wp-content/themes/theme44911/style.css
Save D:\Work\wordpress_git\wordpress/wp-content/themes/theme44911/static/static-slider.php

2014-02-03 09:55:45
Old CherryFramework version: 1.0
Current CherryFramework version: 3.1
Force update: 0

Child theme: D:\Work\wordpress_git\wordpress/wp-content/themes/theme44492

Child theme: D:\Work\wordpress_git\wordpress/wp-content/themes/theme44911

Child theme: D:\Work\wordpress_git\wordpress/wp-content/themes/theme44492
Save D:\Work\wordpress_git\wordpress/wp-content/themes/theme44492/style.css

Child theme: D:\Work\wordpress_git\wordpress/wp-content/themes/theme44911
Save D:\Work\wordpress_git\wordpress/wp-content/themes/theme44911/style.css
Save D:\Work\wordpress_git\wordpress/wp-content/themes/theme44911/static/static-slider.php

2014-02-03 10:12:05
Old CherryFramework version: 1.0
Current CherryFramework version: 3.1
Force update: 0

Child theme: D:\Work\wordpress_git\wordpress/wp-content/themes/theme44492

Child theme: D:\Work\wordpress_git\wordpress/wp-content/themes/theme44911

Child theme: D:\Work\wordpress_git\wordpress/wp-content/themes/theme44492
Save D:\Work\wordpress_git\wordpress/wp-content/themes/theme44492/style.css

Child theme: D:\Work\wordpress_git\wordpress/wp-content/themes/theme44911
Save D:\Work\wordpress_git\wordpress/wp-content/themes/theme44911/style.css
Save D:\Work\wordpress_git\wordpress/wp-content/themes/theme44911/static/static-slider.php

2016-06-19 23:16:26
Old CherryFramework version: 1.0
Current CherryFramework version: 3.1
Force update: 0
